[     387ms] [INFO] %cDownload the React DevTools for a better development experience: https://react.dev/link/react-devtools font-weight:bold @ http://localhost:3333/_next/static/chunks/0593_next_dist_02m0qqt._.js:2431
[     450ms] [LOG] [HMR] connected @ http://localhost:3333/_next/static/chunks/0593_next_dist_02m0qqt._.js:2431
[   18446ms] [WARNING] Image with src "https://images.unsplash.com/photo-1509042239860-f550ce710b93?w=400&q=80" was detected as the Largest Contentful Paint (LCP). Please add the `loading="eager"` property if this image is above the fold.
Read more: https://nextjs.org/docs/app/api-reference/components/image#loading @ http://localhost:3333/_next/static/chunks/0593_next_dist_02m0qqt._.js:2431
[  215960ms] [WARNING] Detected `scroll-behavior: smooth` on the `<html>` element. To disable smooth scrolling during route transitions, add `data-scroll-behavior="smooth"` to your <html> element. Learn more: https://nextjs.org/docs/messages/missing-data-scroll-behavior @ http://localhost:3333/_next/static/chunks/0593_next_dist_02m0qqt._.js:2431
[  216854ms] [ERROR] Failed to load resource: the server responded with a status of 404 (Not Found) @ http://localhost:3333/_next/image?url=https%3A%2F%2Fimages.unsplash.com%2Fphoto-1548869190-2b762d6bd4b5%3Fw%3D600%26q%3D80&w=1080&q=75:0
[  216886ms] [ERROR] Failed to load resource: the server responded with a status of 404 (Not Found) @ http://localhost:3333/_next/image?url=https%3A%2F%2Fimages.unsplash.com%2Fphoto-1589396575653-c09c1cf7823b%3Fw%3D600%26q%3D80&w=1080&q=75:0
[  234869ms] [LOG] [Fast Refresh] rebuilding @ http://localhost:3333/_next/static/chunks/0593_next_dist_02m0qqt._.js:2431
[  234902ms] [LOG] [Fast Refresh] done in 134ms @ http://localhost:3333/_next/static/chunks/0593_next_dist_02m0qqt._.js:2431
[  445235ms] [LOG] [Fast Refresh] rebuilding @ http://localhost:3333/_next/static/chunks/0593_next_dist_02m0qqt._.js:2431
[  445290ms] [ERROR] ./Desktop/amor-fati-menu/app/menu/page.tsx:5:1
Export menuCategories doesn't exist in target module
  3 | import { useState, useRef, useEffect } from "react";
  4 | import Link from "next/link";
> 5 | import { menuCategories } from "@/lib/menuData";
    | ^^^^^^^^^^^^^^^^^^^^^^^^^^^^^^^^^^^^^^^^^^^^^^^^
  6 | import MenuItemCard from "@/components/MenuItemCard";
  7 |
  8 | export default function MenuPage() {

The export menuCategories was not found in module [project]/Desktop/amor-fati-menu/lib/menuData.ts [app-client] (ecmascript).
Did you mean to import menuItems?
All exports of the module are statically known (It doesn't have dynamic exports). So it's known statically that the requested export doesn't exist.

Import traces:
  Client Component Browser:
    ./Desktop/amor-fati-menu/app/menu/page.tsx [Client Component Browser]
    ./Desktop/amor-fati-menu/app/menu/page.tsx [Server Component]

  Client Component SSR:
    ./Desktop/amor-fati-menu/app/menu/page.tsx [Client Component SSR]
    ./Desktop/amor-fati-menu/app/menu/page.tsx [Server Component] @ http://localhost:3333/_next/static/chunks/0593_next_dist_02m0qqt._.js:3272
[  445290ms] [ERROR] ./Desktop/amor-fati-menu/app/menu/page.tsx:5:1
Export menuCategories doesn't exist in target module
  3 | import { useState, useRef, useEffect } from "react";
  4 | import Link from "next/link";
> 5 | import { menuCategories } from "@/lib/menuData";
    | ^^^^^^^^^^^^^^^^^^^^^^^^^^^^^^^^^^^^^^^^^^^^^^^^
  6 | import MenuItemCard from "@/components/MenuItemCard";
  7 |
  8 | export default function MenuPage() {

The export menuCategories was not found in module [project]/Desktop/amor-fati-menu/lib/menuData.ts [app-ssr] (ecmascript).
Did you mean to import menuItems?
All exports of the module are statically known (It doesn't have dynamic exports). So it's known statically that the requested export doesn't exist.

Import traces:
  Client Component Browser:
    ./Desktop/amor-fati-menu/app/menu/page.tsx [Client Component Browser]
    ./Desktop/amor-fati-menu/app/menu/page.tsx [Server Component]

  Client Component SSR:
    ./Desktop/amor-fati-menu/app/menu/page.tsx [Client Component SSR]
    ./Desktop/amor-fati-menu/app/menu/page.tsx [Server Component] @ http://localhost:3333/_next/static/chunks/0593_next_dist_02m0qqt._.js:3272
[  445511ms] [ERROR] ./Desktop/amor-fati-menu/app/menu/page.tsx:5:1
Export menuCategories doesn't exist in target module
  3 | import { useState, useRef, useEffect } from "react";
  4 | import Link from "next/link";
> 5 | import { menuCategories } from "@/lib/menuData";
    | ^^^^^^^^^^^^^^^^^^^^^^^^^^^^^^^^^^^^^^^^^^^^^^^^
  6 | import MenuItemCard from "@/components/MenuItemCard";
  7 |
  8 | export default function MenuPage() {

The export menuCategories was not found in module [project]/Desktop/amor-fati-menu/lib/menuData.ts [app-client] (ecmascript).
Did you mean to import menuItems?
All exports of the module are statically known (It doesn't have dynamic exports). So it's known statically that the requested export doesn't exist.

Import traces:
  Client Component Browser:
    ./Desktop/amor-fati-menu/app/menu/page.tsx [Client Component Browser]
    ./Desktop/amor-fati-menu/app/menu/page.tsx [Server Component]

  Client Component SSR:
    ./Desktop/amor-fati-menu/app/menu/page.tsx [Client Component SSR]
    ./Desktop/amor-fati-menu/app/menu/page.tsx [Server Component] @ http://localhost:3333/_next/static/chunks/0593_next_dist_02m0qqt._.js:3272
[  445511ms] [ERROR] ./Desktop/amor-fati-menu/app/menu/page.tsx:5:1
Export menuCategories doesn't exist in target module
  3 | import { useState, useRef, useEffect } from "react";
  4 | import Link from "next/link";
> 5 | import { menuCategories } from "@/lib/menuData";
    | ^^^^^^^^^^^^^^^^^^^^^^^^^^^^^^^^^^^^^^^^^^^^^^^^
  6 | import MenuItemCard from "@/components/MenuItemCard";
  7 |
  8 | export default function MenuPage() {

The export menuCategories was not found in module [project]/Desktop/amor-fati-menu/lib/menuData.ts [app-ssr] (ecmascript).
Did you mean to import menuItems?
All exports of the module are statically known (It doesn't have dynamic exports). So it's known statically that the requested export doesn't exist.

Import traces:
  Client Component Browser:
    ./Desktop/amor-fati-menu/app/menu/page.tsx [Client Component Browser]
    ./Desktop/amor-fati-menu/app/menu/page.tsx [Server Component]

  Client Component SSR:
    ./Desktop/amor-fati-menu/app/menu/page.tsx [Client Component SSR]
    ./Desktop/amor-fati-menu/app/menu/page.tsx [Server Component] @ http://localhost:3333/_next/static/chunks/0593_next_dist_02m0qqt._.js:3272
[  445550ms] [LOG] [Fast Refresh] rebuilding @ http://localhost:3333/_next/static/chunks/0593_next_dist_02m0qqt._.js:2431
[  479907ms] [LOG] [Fast Refresh] rebuilding @ http://localhost:3333/_next/static/chunks/0593_next_dist_02m0qqt._.js:2431
[  479997ms] [ERROR] ./Desktop/amor-fati-menu/app/menu/page.tsx:5:1
Export menuCategories doesn't exist in target module
  3 | import { useState, useRef, useEffect } from "react";
  4 | import Link from "next/link";
> 5 | import { menuCategories } from "@/lib/menuData";
    | ^^^^^^^^^^^^^^^^^^^^^^^^^^^^^^^^^^^^^^^^^^^^^^^^
  6 | import MenuItemCard from "@/components/MenuItemCard";
  7 |
  8 | export default function MenuPage() {

The export menuCategories was not found in module [project]/Desktop/amor-fati-menu/lib/menuData.ts [app-client] (ecmascript).
Did you mean to import menuItems?
All exports of the module are statically known (It doesn't have dynamic exports). So it's known statically that the requested export doesn't exist.

Import traces:
  Client Component Browser:
    ./Desktop/amor-fati-menu/app/menu/page.tsx [Client Component Browser]
    ./Desktop/amor-fati-menu/app/menu/page.tsx [Server Component]

  Client Component SSR:
    ./Desktop/amor-fati-menu/app/menu/page.tsx [Client Component SSR]
    ./Desktop/amor-fati-menu/app/menu/page.tsx [Server Component] @ http://localhost:3333/_next/static/chunks/0593_next_dist_02m0qqt._.js:3272
[  479998ms] [ERROR] ./Desktop/amor-fati-menu/app/menu/page.tsx:5:1
Export menuCategories doesn't exist in target module
  3 | import { useState, useRef, useEffect } from "react";
  4 | import Link from "next/link";
> 5 | import { menuCategories } from "@/lib/menuData";
    | ^^^^^^^^^^^^^^^^^^^^^^^^^^^^^^^^^^^^^^^^^^^^^^^^
  6 | import MenuItemCard from "@/components/MenuItemCard";
  7 |
  8 | export default function MenuPage() {

The export menuCategories was not found in module [project]/Desktop/amor-fati-menu/lib/menuData.ts [app-ssr] (ecmascript).
Did you mean to import menuItems?
All exports of the module are statically known (It doesn't have dynamic exports). So it's known statically that the requested export doesn't exist.

Import traces:
  Client Component Browser:
    ./Desktop/amor-fati-menu/app/menu/page.tsx [Client Component Browser]
    ./Desktop/amor-fati-menu/app/menu/page.tsx [Server Component]

  Client Component SSR:
    ./Desktop/amor-fati-menu/app/menu/page.tsx [Client Component SSR]
    ./Desktop/amor-fati-menu/app/menu/page.tsx [Server Component] @ http://localhost:3333/_next/static/chunks/0593_next_dist_02m0qqt._.js:3272
[  503505ms] [ERROR] ./Desktop/amor-fati-menu/app/menu/page.tsx:5:1
Export menuCategories doesn't exist in target module
  3 | import { useState, useRef, useEffect } from "react";
  4 | import Link from "next/link";
> 5 | import { menuCategories } from "@/lib/menuData";
    | ^^^^^^^^^^^^^^^^^^^^^^^^^^^^^^^^^^^^^^^^^^^^^^^^
  6 | import MenuItemCard from "@/components/MenuItemCard";
  7 |
  8 | export default function MenuPage() {

The export menuCategories was not found in module [project]/Desktop/amor-fati-menu/lib/menuData.ts [app-client] (ecmascript).
Did you mean to import menuItems?
All exports of the module are statically known (It doesn't have dynamic exports). So it's known statically that the requested export doesn't exist.

Import traces:
  Client Component Browser:
    ./Desktop/amor-fati-menu/app/menu/page.tsx [Client Component Browser]
    ./Desktop/amor-fati-menu/app/menu/page.tsx [Server Component]

  Client Component SSR:
    ./Desktop/amor-fati-menu/app/menu/page.tsx [Client Component SSR]
    ./Desktop/amor-fati-menu/app/menu/page.tsx [Server Component] @ http://localhost:3333/_next/static/chunks/0593_next_dist_02m0qqt._.js:3272
[  503508ms] [ERROR] ./Desktop/amor-fati-menu/app/menu/page.tsx:5:1
Export menuCategories doesn't exist in target module
  3 | import { useState, useRef, useEffect } from "react";
  4 | import Link from "next/link";
> 5 | import { menuCategories } from "@/lib/menuData";
    | ^^^^^^^^^^^^^^^^^^^^^^^^^^^^^^^^^^^^^^^^^^^^^^^^
  6 | import MenuItemCard from "@/components/MenuItemCard";
  7 |
  8 | export default function MenuPage() {

The export menuCategories was not found in module [project]/Desktop/amor-fati-menu/lib/menuData.ts [app-ssr] (ecmascript).
Did you mean to import menuItems?
All exports of the module are statically known (It doesn't have dynamic exports). So it's known statically that the requested export doesn't exist.

Import traces:
  Client Component Browser:
    ./Desktop/amor-fati-menu/app/menu/page.tsx [Client Component Browser]
    ./Desktop/amor-fati-menu/app/menu/page.tsx [Server Component]

  Client Component SSR:
    ./Desktop/amor-fati-menu/app/menu/page.tsx [Client Component SSR]
    ./Desktop/amor-fati-menu/app/menu/page.tsx [Server Component] @ http://localhost:3333/_next/static/chunks/0593_next_dist_02m0qqt._.js:3272
[  503609ms] [LOG] [Fast Refresh] rebuilding @ http://localhost:3333/_next/static/chunks/0593_next_dist_02m0qqt._.js:2431
[  504088ms] [ERROR] ./Desktop/amor-fati-menu/app/menu/page.tsx:5:1
Export menuCategories doesn't exist in target module
  3 | import { useState, useRef, useEffect } from "react";
  4 | import Link from "next/link";
> 5 | import { menuCategories } from "@/lib/menuData";
    | ^^^^^^^^^^^^^^^^^^^^^^^^^^^^^^^^^^^^^^^^^^^^^^^^
  6 | import MenuItemCard from "@/components/MenuItemCard";
  7 |
  8 | export default function MenuPage() {

The export menuCategories was not found in module [project]/Desktop/amor-fati-menu/lib/menuData.ts [app-client] (ecmascript).
Did you mean to import menuItems?
All exports of the module are statically known (It doesn't have dynamic exports). So it's known statically that the requested export doesn't exist.

Import traces:
  Client Component Browser:
    ./Desktop/amor-fati-menu/app/menu/page.tsx [Client Component Browser]
    ./Desktop/amor-fati-menu/app/menu/page.tsx [Server Component]

  Client Component SSR:
    ./Desktop/amor-fati-menu/app/menu/page.tsx [Client Component SSR]
    ./Desktop/amor-fati-menu/app/menu/page.tsx [Server Component] @ http://localhost:3333/_next/static/chunks/0593_next_dist_02m0qqt._.js:3272
[  504089ms] [ERROR] ./Desktop/amor-fati-menu/app/menu/page.tsx:5:1
Export menuCategories doesn't exist in target module
  3 | import { useState, useRef, useEffect } from "react";
  4 | import Link from "next/link";
> 5 | import { menuCategories } from "@/lib/menuData";
    | ^^^^^^^^^^^^^^^^^^^^^^^^^^^^^^^^^^^^^^^^^^^^^^^^
  6 | import MenuItemCard from "@/components/MenuItemCard";
  7 |
  8 | export default function MenuPage() {

The export menuCategories was not found in module [project]/Desktop/amor-fati-menu/lib/menuData.ts [app-ssr] (ecmascript).
Did you mean to import menuItems?
All exports of the module are statically known (It doesn't have dynamic exports). So it's known statically that the requested export doesn't exist.

Import traces:
  Client Component Browser:
    ./Desktop/amor-fati-menu/app/menu/page.tsx [Client Component Browser]
    ./Desktop/amor-fati-menu/app/menu/page.tsx [Server Component]

  Client Component SSR:
    ./Desktop/amor-fati-menu/app/menu/page.tsx [Client Component SSR]
    ./Desktop/amor-fati-menu/app/menu/page.tsx [Server Component] @ http://localhost:3333/_next/static/chunks/0593_next_dist_02m0qqt._.js:3272
[  504191ms] [LOG] [Fast Refresh] rebuilding @ http://localhost:3333/_next/static/chunks/0593_next_dist_02m0qqt._.js:2431
[  504400ms] [ERROR] ./Desktop/amor-fati-menu/app/menu/page.tsx:5:1
Export menuCategories doesn't exist in target module
  3 | import { useState, useRef, useEffect } from "react";
  4 | import Link from "next/link";
> 5 | import { menuCategories } from "@/lib/menuData";
    | ^^^^^^^^^^^^^^^^^^^^^^^^^^^^^^^^^^^^^^^^^^^^^^^^
  6 | import MenuItemCard from "@/components/MenuItemCard";
  7 |
  8 | export default function MenuPage() {

The export menuCategories was not found in module [project]/Desktop/amor-fati-menu/lib/menuData.ts [app-client] (ecmascript).
Did you mean to import menuItems?
All exports of the module are statically known (It doesn't have dynamic exports). So it's known statically that the requested export doesn't exist.

Import traces:
  Client Component Browser:
    ./Desktop/amor-fati-menu/app/menu/page.tsx [Client Component Browser]
    ./Desktop/amor-fati-menu/app/menu/page.tsx [Server Component]

  Client Component SSR:
    ./Desktop/amor-fati-menu/app/menu/page.tsx [Client Component SSR]
    ./Desktop/amor-fati-menu/app/menu/page.tsx [Server Component] @ http://localhost:3333/_next/static/chunks/0593_next_dist_02m0qqt._.js:3272
[  504400ms] [ERROR] ./Desktop/amor-fati-menu/app/menu/page.tsx:5:1
Export menuCategories doesn't exist in target module
  3 | import { useState, useRef, useEffect } from "react";
  4 | import Link from "next/link";
> 5 | import { menuCategories } from "@/lib/menuData";
    | ^^^^^^^^^^^^^^^^^^^^^^^^^^^^^^^^^^^^^^^^^^^^^^^^
  6 | import MenuItemCard from "@/components/MenuItemCard";
  7 |
  8 | export default function MenuPage() {

The export menuCategories was not found in module [project]/Desktop/amor-fati-menu/lib/menuData.ts [app-ssr] (ecmascript).
Did you mean to import menuItems?
All exports of the module are statically known (It doesn't have dynamic exports). So it's known statically that the requested export doesn't exist.

Import traces:
  Client Component Browser:
    ./Desktop/amor-fati-menu/app/menu/page.tsx [Client Component Browser]
    ./Desktop/amor-fati-menu/app/menu/page.tsx [Server Component]

  Client Component SSR:
    ./Desktop/amor-fati-menu/app/menu/page.tsx [Client Component SSR]
    ./Desktop/amor-fati-menu/app/menu/page.tsx [Server Component] @ http://localhost:3333/_next/static/chunks/0593_next_dist_02m0qqt._.js:3272
[  504575ms] [ERROR] Failed to load resource: the server responded with a status of 500 (Internal Server Error) @ http://localhost:3333/menu:0
[  504689ms] [INFO] %cDownload the React DevTools for a better development experience: https://react.dev/link/react-devtools font-weight:bold @ http://localhost:3333/_next/static/chunks/0593_react-dom_0p8uiyv._.js:15305
[  504748ms] Error: ./Desktop/amor-fati-menu/app/menu/page.tsx:5:1
Export menuCategories doesn't exist in target module
  3 | import { useState, useRef, useEffect } from "react";
  4 | import Link from "next/link";
> 5 | import { menuCategories } from "@/lib/menuData";
    | ^^^^^^^^^^^^^^^^^^^^^^^^^^^^^^^^^^^^^^^^^^^^^^^^
  6 | import MenuItemCard from "@/components/MenuItemCard";
  7 |
  8 | export default function MenuPage() {

The export menuCategories was not found in module [project]/Desktop/amor-fati-menu/lib/menuData.ts [app-client] (ecmascript).
Did you mean to import menuItems?
All exports of the module are statically known (It doesn't have dynamic exports). So it's known statically that the requested export doesn't exist.

Import traces:
  Client Component Browser:
    ./Desktop/amor-fati-menu/app/menu/page.tsx [Client Component Browser]
    ./Desktop/amor-fati-menu/app/menu/page.tsx [Server Component]

  Client Component SSR:
    ./Desktop/amor-fati-menu/app/menu/page.tsx [Client Component SSR]
    ./Desktop/amor-fati-menu/app/menu/page.tsx [Server Component]


    at <unknown> (Error: ./Desktop/amor-fati-menu/app/menu/page.tsx:5:1)
    at Object.getCompilationErrors (file:///Users/porumamillapraneetha/Desktop/amor-fati-menu/node_modules/next/dist/server/dev/hot-reloader-turbopack.js:1186:59)
    at DevBundlerService.getCompilationError (file:///Users/porumamillapraneetha/Desktop/amor-fati-menu/node_modules/next/dist/server/lib/dev-bundler-service.js:44:55)
    at DevServer.getCompilationError (file:///Users/porumamillapraneetha/Desktop/amor-fati-menu/node_modules/next/dist/server/dev/next-dev-server.js:719:42)
    at DevServer.findPageComponents (file:///Users/porumamillapraneetha/Desktop/amor-fati-menu/node_modules/next/dist/server/dev/next-dev-server.js:689:43)
    at async DevServer.renderErrorToResponseImpl (file:///Users/porumamillapraneetha/Desktop/amor-fati-menu/node_modules/next/dist/server/base-server.js:1745:26)
[  504745ms] [LOG] [HMR] connected @ http://localhost:3333/_next/static/chunks/0593_next_dist_11jawi~._.js:1226
[  504751ms] [ERROR] ./Desktop/amor-fati-menu/app/menu/page.tsx:5:1
Export menuCategories doesn't exist in target module
  3 | import { useState, useRef, useEffect } from "react";
  4 | import Link from "next/link";
> 5 | import { menuCategories } from "@/lib/menuData";
    | ^^^^^^^^^^^^^^^^^^^^^^^^^^^^^^^^^^^^^^^^^^^^^^^^
  6 | import MenuItemCard from "@/components/MenuItemCard";
  7 |
  8 | export default function MenuPage() {

The export menuCategories was not found in module [project]/Desktop/amor-fati-menu/lib/menuData.ts [app-client] (ecmascript).
Did you mean to import menuItems?
All exports of the module are statically known (It doesn't have dynamic exports). So it's known statically that the requested export doesn't exist.

Import traces:
  Client Component Browser:
    ./Desktop/amor-fati-menu/app/menu/page.tsx [Client Component Browser]
    ./Desktop/amor-fati-menu/app/menu/page.tsx [Server Component]

  Client Component SSR:
    ./Desktop/amor-fati-menu/app/menu/page.tsx [Client Component SSR]
    ./Desktop/amor-fati-menu/app/menu/page.tsx [Server Component] @ http://localhost:3333/_next/static/chunks/0593_next_dist_11jawi~._.js:1945
[  504751ms] [ERROR] ./Desktop/amor-fati-menu/app/menu/page.tsx:5:1
Export menuCategories doesn't exist in target module
  3 | import { useState, useRef, useEffect } from "react";
  4 | import Link from "next/link";
> 5 | import { menuCategories } from "@/lib/menuData";
    | ^^^^^^^^^^^^^^^^^^^^^^^^^^^^^^^^^^^^^^^^^^^^^^^^
  6 | import MenuItemCard from "@/components/MenuItemCard";
  7 |
  8 | export default function MenuPage() {

The export menuCategories was not found in module [project]/Desktop/amor-fati-menu/lib/menuData.ts [app-ssr] (ecmascript).
Did you mean to import menuItems?
All exports of the module are statically known (It doesn't have dynamic exports). So it's known statically that the requested export doesn't exist.

Import traces:
  Client Component Browser:
    ./Desktop/amor-fati-menu/app/menu/page.tsx [Client Component Browser]
    ./Desktop/amor-fati-menu/app/menu/page.tsx [Server Component]

  Client Component SSR:
    ./Desktop/amor-fati-menu/app/menu/page.tsx [Client Component SSR]
    ./Desktop/amor-fati-menu/app/menu/page.tsx [Server Component] @ http://localhost:3333/_next/static/chunks/0593_next_dist_11jawi~._.js:1945
[  504842ms] [ERROR] ./Desktop/amor-fati-menu/app/menu/page.tsx:5:1
Export menuCategories doesn't exist in target module
  3 | import { useState, useRef, useEffect } from "react";
  4 | import Link from "next/link";
> 5 | import { menuCategories } from "@/lib/menuData";
    | ^^^^^^^^^^^^^^^^^^^^^^^^^^^^^^^^^^^^^^^^^^^^^^^^
  6 | import MenuItemCard from "@/components/MenuItemCard";
  7 |
  8 | export default function MenuPage() {

The export menuCategories was not found in module [project]/Desktop/amor-fati-menu/lib/menuData.ts [app-client] (ecmascript).
Did you mean to import menuItems?
All exports of the module are statically known (It doesn't have dynamic exports). So it's known statically that the requested export doesn't exist.

Import traces:
  Client Component Browser:
    ./Desktop/amor-fati-menu/app/menu/page.tsx [Client Component Browser]
    ./Desktop/amor-fati-menu/app/menu/page.tsx [Server Component]

  Client Component SSR:
    ./Desktop/amor-fati-menu/app/menu/page.tsx [Client Component SSR]
    ./Desktop/amor-fati-menu/app/menu/page.tsx [Server Component] @ http://localhost:3333/_next/static/chunks/0593_next_dist_11jawi~._.js:1945
[  504842ms] [ERROR] ./Desktop/amor-fati-menu/app/menu/page.tsx:5:1
Export menuCategories doesn't exist in target module
  3 | import { useState, useRef, useEffect } from "react";
  4 | import Link from "next/link";
> 5 | import { menuCategories } from "@/lib/menuData";
    | ^^^^^^^^^^^^^^^^^^^^^^^^^^^^^^^^^^^^^^^^^^^^^^^^
  6 | import MenuItemCard from "@/components/MenuItemCard";
  7 |
  8 | export default function MenuPage() {

The export menuCategories was not found in module [project]/Desktop/amor-fati-menu/lib/menuData.ts [app-ssr] (ecmascript).
Did you mean to import menuItems?
All exports of the module are statically known (It doesn't have dynamic exports). So it's known statically that the requested export doesn't exist.

Import traces:
  Client Component Browser:
    ./Desktop/amor-fati-menu/app/menu/page.tsx [Client Component Browser]
    ./Desktop/amor-fati-menu/app/menu/page.tsx [Server Component]

  Client Component SSR:
    ./Desktop/amor-fati-menu/app/menu/page.tsx [Client Component SSR]
    ./Desktop/amor-fati-menu/app/menu/page.tsx [Server Component] @ http://localhost:3333/_next/static/chunks/0593_next_dist_11jawi~._.js:1945
[  504877ms] [LOG] [Fast Refresh] rebuilding @ http://localhost:3333/_next/static/chunks/0593_next_dist_11jawi~._.js:1226
[  519785ms] [LOG] [Fast Refresh] rebuilding @ http://localhost:3333/_next/static/chunks/0593_next_dist_11jawi~._.js:1226
[  519881ms] [ERROR] ./Desktop/amor-fati-menu/app/menu/page.tsx:5:1
Export menuCategories doesn't exist in target module
  3 | import { useState, useRef, useEffect } from "react";
  4 | import Link from "next/link";
> 5 | import { menuCategories } from "@/lib/menuData";
    | ^^^^^^^^^^^^^^^^^^^^^^^^^^^^^^^^^^^^^^^^^^^^^^^^
  6 | import MenuItemCard from "@/components/MenuItemCard";
  7 |
  8 | export default function MenuPage() {

The export menuCategories was not found in module [project]/Desktop/amor-fati-menu/lib/menuData.ts [app-client] (ecmascript).
Did you mean to import menuItems?
All exports of the module are statically known (It doesn't have dynamic exports). So it's known statically that the requested export doesn't exist.

Import traces:
  Client Component Browser:
    ./Desktop/amor-fati-menu/app/menu/page.tsx [Client Component Browser]
    ./Desktop/amor-fati-menu/app/menu/page.tsx [Server Component]

  Client Component SSR:
    ./Desktop/amor-fati-menu/app/menu/page.tsx [Client Component SSR]
    ./Desktop/amor-fati-menu/app/menu/page.tsx [Server Component] @ http://localhost:3333/_next/static/chunks/0593_next_dist_11jawi~._.js:1945
[  519881ms] [ERROR] ./Desktop/amor-fati-menu/app/menu/page.tsx:5:1
Export menuCategories doesn't exist in target module
  3 | import { useState, useRef, useEffect } from "react";
  4 | import Link from "next/link";
> 5 | import { menuCategories } from "@/lib/menuData";
    | ^^^^^^^^^^^^^^^^^^^^^^^^^^^^^^^^^^^^^^^^^^^^^^^^
  6 | import MenuItemCard from "@/components/MenuItemCard";
  7 |
  8 | export default function MenuPage() {

The export menuCategories was not found in module [project]/Desktop/amor-fati-menu/lib/menuData.ts [app-ssr] (ecmascript).
Did you mean to import menuItems?
All exports of the module are statically known (It doesn't have dynamic exports). So it's known statically that the requested export doesn't exist.

Import traces:
  Client Component Browser:
    ./Desktop/amor-fati-menu/app/menu/page.tsx [Client Component Browser]
    ./Desktop/amor-fati-menu/app/menu/page.tsx [Server Component]

  Client Component SSR:
    ./Desktop/amor-fati-menu/app/menu/page.tsx [Client Component SSR]
    ./Desktop/amor-fati-menu/app/menu/page.tsx [Server Component] @ http://localhost:3333/_next/static/chunks/0593_next_dist_11jawi~._.js:1945
[  530031ms] [ERROR] ./Desktop/amor-fati-menu/app/menu/page.tsx:5:1
Export menuCategories doesn't exist in target module
  3 | import { useState, useRef, useEffect } from "react";
  4 | import Link from "next/link";
> 5 | import { menuCategories } from "@/lib/menuData";
    | ^^^^^^^^^^^^^^^^^^^^^^^^^^^^^^^^^^^^^^^^^^^^^^^^
  6 | import MenuItemCard from "@/components/MenuItemCard";
  7 |
  8 | export default function MenuPage() {

The export menuCategories was not found in module [project]/Desktop/amor-fati-menu/lib/menuData.ts [app-client] (ecmascript).
Did you mean to import menuItems?
All exports of the module are statically known (It doesn't have dynamic exports). So it's known statically that the requested export doesn't exist.

Import traces:
  Client Component Browser:
    ./Desktop/amor-fati-menu/app/menu/page.tsx [Client Component Browser]
    ./Desktop/amor-fati-menu/app/menu/page.tsx [Server Component]

  Client Component SSR:
    ./Desktop/amor-fati-menu/app/menu/page.tsx [Client Component SSR]
    ./Desktop/amor-fati-menu/app/menu/page.tsx [Server Component] @ http://localhost:3333/_next/static/chunks/0593_next_dist_11jawi~._.js:1945
[  530032ms] [ERROR] ./Desktop/amor-fati-menu/app/menu/page.tsx:5:1
Export menuCategories doesn't exist in target module
  3 | import { useState, useRef, useEffect } from "react";
  4 | import Link from "next/link";
> 5 | import { menuCategories } from "@/lib/menuData";
    | ^^^^^^^^^^^^^^^^^^^^^^^^^^^^^^^^^^^^^^^^^^^^^^^^
  6 | import MenuItemCard from "@/components/MenuItemCard";
  7 |
  8 | export default function MenuPage() {

The export menuCategories was not found in module [project]/Desktop/amor-fati-menu/lib/menuData.ts [app-ssr] (ecmascript).
Did you mean to import menuItems?
All exports of the module are statically known (It doesn't have dynamic exports). So it's known statically that the requested export doesn't exist.

Import traces:
  Client Component Browser:
    ./Desktop/amor-fati-menu/app/menu/page.tsx [Client Component Browser]
    ./Desktop/amor-fati-menu/app/menu/page.tsx [Server Component]

  Client Component SSR:
    ./Desktop/amor-fati-menu/app/menu/page.tsx [Client Component SSR]
    ./Desktop/amor-fati-menu/app/menu/page.tsx [Server Component] @ http://localhost:3333/_next/static/chunks/0593_next_dist_11jawi~._.js:1945
[  530065ms] [LOG] [Fast Refresh] rebuilding @ http://localhost:3333/_next/static/chunks/0593_next_dist_11jawi~._.js:1226
[  573485ms] [LOG] [Fast Refresh] rebuilding @ http://localhost:3333/_next/static/chunks/0593_next_dist_11jawi~._.js:1226
[  573572ms] [ERROR] ./Desktop/amor-fati-menu/app/menu/page.tsx:5:1
Export menuCategories doesn't exist in target module
  3 | import { useState, useRef, useEffect } from "react";
  4 | import Link from "next/link";
> 5 | import { menuCategories } from "@/lib/menuData";
    | ^^^^^^^^^^^^^^^^^^^^^^^^^^^^^^^^^^^^^^^^^^^^^^^^
  6 | import MenuItemCard from "@/components/MenuItemCard";
  7 |
  8 | export default function MenuPage() {

The export menuCategories was not found in module [project]/Desktop/amor-fati-menu/lib/menuData.ts [app-client] (ecmascript).
Did you mean to import menuItems?
All exports of the module are statically known (It doesn't have dynamic exports). So it's known statically that the requested export doesn't exist.

Import traces:
  Client Component Browser:
    ./Desktop/amor-fati-menu/app/menu/page.tsx [Client Component Browser]
    ./Desktop/amor-fati-menu/app/menu/page.tsx [Server Component]

  Client Component SSR:
    ./Desktop/amor-fati-menu/app/menu/page.tsx [Client Component SSR]
    ./Desktop/amor-fati-menu/app/menu/page.tsx [Server Component] @ http://localhost:3333/_next/static/chunks/0593_next_dist_11jawi~._.js:1945
[  573573ms] [ERROR] ./Desktop/amor-fati-menu/app/menu/page.tsx:5:1
Export menuCategories doesn't exist in target module
  3 | import { useState, useRef, useEffect } from "react";
  4 | import Link from "next/link";
> 5 | import { menuCategories } from "@/lib/menuData";
    | ^^^^^^^^^^^^^^^^^^^^^^^^^^^^^^^^^^^^^^^^^^^^^^^^
  6 | import MenuItemCard from "@/components/MenuItemCard";
  7 |
  8 | export default function MenuPage() {

The export menuCategories was not found in module [project]/Desktop/amor-fati-menu/lib/menuData.ts [app-ssr] (ecmascript).
Did you mean to import menuItems?
All exports of the module are statically known (It doesn't have dynamic exports). So it's known statically that the requested export doesn't exist.

Import traces:
  Client Component Browser:
    ./Desktop/amor-fati-menu/app/menu/page.tsx [Client Component Browser]
    ./Desktop/amor-fati-menu/app/menu/page.tsx [Server Component]

  Client Component SSR:
    ./Desktop/amor-fati-menu/app/menu/page.tsx [Client Component SSR]
    ./Desktop/amor-fati-menu/app/menu/page.tsx [Server Component] @ http://localhost:3333/_next/static/chunks/0593_next_dist_11jawi~._.js:1945
[  613041ms] [LOG] [Fast Refresh] rebuilding @ http://localhost:3333/_next/static/chunks/0593_next_dist_11jawi~._.js:1226
[  613124ms] [LOG] [Fast Refresh] done in 180ms @ http://localhost:3333/_next/static/chunks/0593_next_dist_11jawi~._.js:1226
[  613395ms] [LOG] [Fast Refresh] rebuilding @ http://localhost:3333/_next/static/chunks/0593_next_dist_11jawi~._.js:1226
[  613501ms] [LOG] [Fast Refresh] done in 208ms @ http://localhost:3333/_next/static/chunks/0593_next_dist_11jawi~._.js:1226
[  613805ms] [INFO] %cDownload the React DevTools for a better development experience: https://react.dev/link/react-devtools font-weight:bold @ http://localhost:3333/_next/static/chunks/0593_next_dist_02m0qqt._.js:2431
[  613845ms] [LOG] [HMR] connected @ http://localhost:3333/_next/static/chunks/0593_next_dist_02m0qqt._.js:2431
[  619119ms] [LOG] [Fast Refresh] rebuilding @ http://localhost:3333/_next/static/chunks/0593_next_dist_02m0qqt._.js:2431
[  619239ms] [LOG] [Fast Refresh] done in 86ms @ http://localhost:3333/_next/static/chunks/0593_next_dist_02m0qqt._.js:2431
[  626652ms] [LOG] [Fast Refresh] rebuilding @ http://localhost:3333/_next/static/chunks/0593_next_dist_02m0qqt._.js:2431
[  626750ms] [LOG] [Fast Refresh] done in 90ms @ http://localhost:3333/_next/static/chunks/0593_next_dist_02m0qqt._.js:2431
[  626966ms] [LOG] [Fast Refresh] rebuilding @ http://localhost:3333/_next/static/chunks/0593_next_dist_02m0qqt._.js:2431
[  626983ms] [LOG] [Fast Refresh] done in 121ms @ http://localhost:3333/_next/static/chunks/0593_next_dist_02m0qqt._.js:2431
[  627049ms] [INFO] %cDownload the React DevTools for a better development experience: https://react.dev/link/react-devtools font-weight:bold @ http://localhost:3333/_next/static/chunks/0593_next_dist_02m0qqt._.js:2431
[  627065ms] [LOG] [HMR] connected @ http://localhost:3333/_next/static/chunks/0593_next_dist_02m0qqt._.js:2431
[  633878ms] [ERROR] WebSocket connection to 'ws://localhost:3333/_next/webpack-hmr?id=OMWJPx3ddPqs2uAEWwF2T' failed: Error in connection establishment: net::ERR_CONNECTION_REFUSED @ http://localhost:3333/_next/static/chunks/0593_next_dist_client_0jkkaz8._.js:13299
[  634925ms] [LOG] [HMR] connected @ http://localhost:3333/_next/static/chunks/0593_next_dist_02m0qqt._.js:2431
[  635346ms] [INFO] %cDownload the React DevTools for a better development experience: https://react.dev/link/react-devtools font-weight:bold @ http://localhost:3333/_next/static/chunks/0593_next_dist_02m0qqt._.js:2431
[  635371ms] [LOG] [HMR] connected @ http://localhost:3333/_next/static/chunks/0593_next_dist_02m0qqt._.js:2431
